C51 COMPILER V9.60.7.0   MAIN                                                              04/26/2023 10:49:08 PAGE 1   


C51 COMPILER V9.60.7.0, COMPILATION OF MODULE MAIN
OBJECT MODULE PLACED IN .\Objects\main.obj
COMPILER INVOKED BY: d:\Keil_v5\C51\BIN\C51.EXE main.c OPTIMIZE(8,SPEED) BROWSE DEBUG OBJECTEXTEND PRINT(.\Listings\main
                    -.lst) TABS(2) OBJECT(.\Objects\main.obj)

line level    source

   1          #include <reg51.h>
   2          
   3          unsigned char seg[]={0x3F, 0x06, 0x5B,0x4F,0x66,0x6D,0x7D,0x07,0x7F,0x6F,0x77,0x7C,0x39,0x5E,0x79,0x71};
   4                                //定义数码管显示数组
   5          
   6          unsigned char key_number=18;      //定义键值变量
   7          
   8          void delay_ms(unsigned int t)       //定义延时函数
   9          {
  10   1        unsigned char i;
  11   1        while(t--)
  12   1        {
  13   2          for(i=0;i<110;i++);
  14   2        }
  15   1      }
  16          
  17          void key_scan()               //定义按键扫描函数
  18          {
  19   1        unsigned char hang,line;        //定义行列变量
  20   1        unsigned char where;          //定义中间变量
  21   1        P1=0x0f;                //行扫描
  22   1        if(P1!=0x0f)
  23   1        {
  24   2          delay_ms(10);
  25   2          where=P1&0x0f;
  26   2          switch(where)
  27   2          {
  28   3            case 0x0e:hang=0;break;
  29   3            case 0x0d:hang=1;break;
  30   3            case 0x0b:hang=2;break;
  31   3            case 0x07:hang=3;break;
  32   3          }
  33   2          P1=0xf0;              //列扫描
  34   2          where=P1&0xf0;
  35   2          switch(where)
  36   2          {
  37   3            case 0xe0:line=0;break;
  38   3            case 0xd0:line=1;break;
  39   3            case 0xb0:line=2;break;
  40   3            case 0x70:line=3;break;
  41   3          }
  42   2          key_number=hang*4+line;       //将扫描到的行列值转化为键值
  43   2        }
  44   1        
  45   1      }
  46          
  47          void main()
  48          {
  49   1        unsigned char watch;            //定义中间变量
  50   1        while(1)
  51   1        {
  52   2          key_scan();             //按键扫描
  53   2          switch(key_number)          //对扫描到的键值进行二次映射
  54   2          {
C51 COMPILER V9.60.7.0   MAIN                                                              04/26/2023 10:49:08 PAGE 2   

  55   3            case 0:watch=1;break;
  56   3            case 1:watch=2;break;
  57   3            case 2:watch=3;break;
  58   3            case 4:watch=4;break;
  59   3            case 5:watch=5;break;
  60   3            case 6:watch=6;break;
  61   3            case 8:watch=7;break;
  62   3            case 9:watch=8;break;
  63   3            case 10:watch=9;break;
  64   3            case 13:watch=0;break;
  65   3      //      default : watch=0;break;
  66   3          }
  67   2          P2=seg[watch];            //将二次映射后的值输出到数码管
  68   2        }
  69   1      }


MODULE INFORMATION:   STATIC OVERLAYABLE
   CODE SIZE        =    216    ----
   CONSTANT SIZE    =   ----    ----
   XDATA SIZE       =   ----    ----
   PDATA SIZE       =   ----    ----
   DATA SIZE        =     17       2
   IDATA SIZE       =   ----    ----
   BIT SIZE         =   ----    ----
END OF MODULE INFORMATION.


C51 COMPILATION COMPLETE.  0 WARNING(S),  0 ERROR(S)
