C51 COMPILER V9.60.7.0   MAIN                                                              04/13/2023 09:02:39 PAGE 1   


C51 COMPILER V9.60.7.0, COMPILATION OF MODULE MAIN
OBJECT MODULE PLACED IN .\Objects\main.obj
COMPILER INVOKED BY: d:\Keil_v5\C51\BIN\C51.EXE main.c OPTIMIZE(8,SPEED) BROWSE DEBUG OBJECTEXTEND PRINT(.\Listings\main
                    -.lst) TABS(2) OBJECT(.\Objects\main.obj)

line level    source

   1          #include <reg51.h>
   2          
   3          sbit LED=P2^0;
   4          
   5          unsigned int con;
   6          
   7          void Timer_init()
   8          {
   9   1        TMOD &= 0xF0;     //设置定时器模式
  10   1        TMOD |= 0x02;     //设置定时器模式
  11   1        TL0 = 0x9C;       //设置定时初始值
  12   1        TH0 = 0x9C;       //设置定时重载值
  13   1        TF0 = 0;        //清除TF0标志
  14   1        TR0 = 1;        //定时器0开始计时
  15   1        ET0=1;
  16   1        EA=1;
  17   1      
  18   1      }
  19          
  20          void main()
  21          {
  22   1        Timer_init();
  23   1        while(1)
  24   1        {
  25   2      
  26   2        }
  27   1      }
  28          
  29          void Timer0_out() interrupt 1
  30          {
  31   1        con++;
  32   1        if(con==10000)
  33   1        {
  34   2          con=0;
  35   2          LED=!LED;
  36   2        }
  37   1      }


MODULE INFORMATION:   STATIC OVERLAYABLE
   CODE SIZE        =     59    ----
   CONSTANT SIZE    =   ----    ----
   XDATA SIZE       =   ----    ----
   PDATA SIZE       =   ----    ----
   DATA SIZE        =      2    ----
   IDATA SIZE       =   ----    ----
   BIT SIZE         =   ----    ----
END OF MODULE INFORMATION.


C51 COMPILATION COMPLETE.  0 WARNING(S),  0 ERROR(S)
