C51 COMPILER V9.60.7.0   MAIN                                                              04/11/2023 22:45:54 PAGE 1   


C51 COMPILER V9.60.7.0, COMPILATION OF MODULE MAIN
OBJECT MODULE PLACED IN .\Objects\main.obj
COMPILER INVOKED BY: d:\Keil_v5\C51\BIN\C51.EXE main.c OPTIMIZE(8,SPEED) BROWSE DEBUG OBJECTEXTEND PRINT(.\Listings\main
                    -.lst) TABS(2) OBJECT(.\Objects\main.obj)

line level    source

   1          #include <reg51.h>
   2          
   3          sbit key3 = P1^4;
   4          
   5          unsigned char key_number; 
   6          
   7          void delay_ms(unsigned char t)
   8          {
   9   1        unsigned char i;
  10   1        while(t--)
  11   1        {
  12   2          for(i=0;i<110;i++);
  13   2        }
  14   1      
  15   1      }
  16          
  17          void key_scan()
  18          {
  19   1        unsigned char i;
  20   1        if(key3==0)
  21   1        {
  22   2            while(1)
  23   2            {
  24   3              for(i=0;i<8;i++)
  25   3              {
  26   4                  P2=0x01<<i;
  27   4                delay_ms(1000);
  28   4                
  29   4              }
  30   3              if(key3==1)
  31   3              {
  32   4                break;
  33   4              }
  34   3            } 
  35   2        }
  36   1      }
  37          
  38          
  39          void led_show()
  40          {
  41   1        unsigned char i;
  42   1        for(i=0;i<8;i++)
  43   1        {
  44   2            P2=0x80>>i;
  45   2          delay_ms(1000);
  46   2        }
  47   1      }
  48          
  49          void main()
  50          {
  51   1          while(1)
  52   1          {
  53   2            key_scan();
  54   2            led_show();
C51 COMPILER V9.60.7.0   MAIN                                                              04/11/2023 22:45:54 PAGE 2   

  55   2          }
  56   1      }


MODULE INFORMATION:   STATIC OVERLAYABLE
   CODE SIZE        =     82    ----
   CONSTANT SIZE    =   ----    ----
   XDATA SIZE       =   ----    ----
   PDATA SIZE       =   ----    ----
   DATA SIZE        =      1    ----
   IDATA SIZE       =   ----    ----
   BIT SIZE         =   ----    ----
END OF MODULE INFORMATION.


C51 COMPILATION COMPLETE.  0 WARNING(S),  0 ERROR(S)
