C51 COMPILER V9.60.7.0   MAIN                                                              04/26/2023 10:51:40 PAGE 1   


C51 COMPILER V9.60.7.0, COMPILATION OF MODULE MAIN
OBJECT MODULE PLACED IN .\Objects\main.obj
COMPILER INVOKED BY: d:\Keil_v5\C51\BIN\C51.EXE main.c OPTIMIZE(8,SPEED) BROWSE DEBUG OBJECTEXTEND PRINT(.\Listings\main
                    -.lst) TABS(2) OBJECT(.\Objects\main.obj)

line level    source

   1          #include <reg51.h>
   2          
   3          unsigned char seg[]={0x3F, 0x06, 0x5B,0x4F,0x66,0x6D,0x7D,0x07,0x7F,0x6F,0x77,0x7C,0x39,0x5E,0x79,0x71};
   4                                //定义数码管显示数组
   5          
   6          unsigned int second=30,min=24,hour=13,con;  //定义显示变量
   7          
   8          void delay_ms(unsigned int t)       //定义毫秒延时
   9          {
  10   1        unsigned char i;
  11   1        while(t--)
  12   1        {
  13   2          for(i=0;i<110;i++);
  14   2        }
  15   1      }
  16          
  17          void Timer_init()     //设置定时器0每100us进入一次中断
  18          {
  19   1        TMOD &= 0xF0;     //设置定时器模式
  20   1        TMOD |= 0x02;     //设置定时器模式
  21   1        TL0 = 0x9C;       //设置定时初始值
  22   1        TH0 = 0x9C;       //设置定时重载值
  23   1        TF0 = 0;        //清除TF0标志
  24   1        TR0 = 1;        //定时器0开始计时
  25   1        ET0=1;          //打开定时器0中断
  26   1        EA=1;         //打开总中断
  27   1      
  28   1      }
  29          
  30          void main()
  31          {
  32   1        unsigned char i,watch;  //定义中间变量
  33   1        Timer_init();     //定时器初始化
  34   1        
  35   1        while(1)        //死循环
  36   1        {
  37   2            for(i=0;i<6;i++)  //数码管位选
  38   2            {
  39   3              P3=~(0x01<<i);
  40   3              switch(i)
  41   3              {
  42   4                case 0:watch=hour/10%10;break;  //显示小时的十位数
  43   4                case 1:watch=hour%10;break;   //显示小时的个位数
  44   4                case 2:watch=min/10%10;break; //显示分钟的十位数
  45   4                case 3:watch=min%10;break;    //显示分钟的个位数
  46   4                case 4:watch=second/10%10;break;//显示秒钟的十位数
  47   4                case 5:watch=second%10;break; //显示秒钟的个位数
  48   4              }
  49   3              
  50   3              P2=seg[watch];
  51   3              delay_ms(1);  //防止proteus抽风，，，，
  52   3              }
  53   2          
  54   2      
C51 COMPILER V9.60.7.0   MAIN                                                              04/26/2023 10:51:40 PAGE 2   

  55   2        }
  56   1      }
  57          
  58          void Timer0_out() interrupt 1 //定时器0中断
  59          {
  60   1        con++;
  61   1        if(con==10000)        //con计够10000次，即1s后，开始给秒钟++，同时检测是否需要进位
  62   1        {
  63   2          con=0;
  64   2          second++;
  65   2          if(second==60)
  66   2          {
  67   3            second=0;
  68   3            min++;
  69   3            if(min==60)
  70   3            {
  71   4              min=0;
  72   4              hour++;
  73   4              if(hour==24)
  74   4              {
  75   5                hour=0;
  76   5              }
  77   4            }
  78   3          }
  79   2        }
  80   1      }


MODULE INFORMATION:   STATIC OVERLAYABLE
   CODE SIZE        =    247    ----
   CONSTANT SIZE    =   ----    ----
   XDATA SIZE       =   ----    ----
   PDATA SIZE       =   ----    ----
   DATA SIZE        =     24       1
   IDATA SIZE       =   ----    ----
   BIT SIZE         =   ----    ----
END OF MODULE INFORMATION.


C51 COMPILATION COMPLETE.  0 WARNING(S),  0 ERROR(S)
