C51 COMPILER V9.60.7.0   MAIN                                                              04/13/2023 15:29:39 PAGE 1   


C51 COMPILER V9.60.7.0, COMPILATION OF MODULE MAIN
OBJECT MODULE PLACED IN .\Objects\main.obj
COMPILER INVOKED BY: d:\Keil_v5\C51\BIN\C51.EXE main.c OPTIMIZE(8,SPEED) BROWSE DEBUG OBJECTEXTEND PRINT(.\Listings\main
                    -.lst) TABS(2) OBJECT(.\Objects\main.obj)

line level    source

   1          #include <reg51.h>
   2          
   3          sbit CS=P3^1;        //片选端口
   4          sbit SCK =P3^0;      //时钟端口
   5          sbit DIN=P3^2;       //数据输入
   6          
   7          void DA_OUTPUT(unsigned int adata)
   8          {
   9   1        unsigned char i;
  10   1        adata<<=6;
  11   1        SCK=0;
  12   1        CS=0;
  13   1        for(i=0;i<12;i++)
  14   1        {
  15   2          SCK=0;
  16   2          adata<<=1;
  17   2          DIN=CY;
  18   2          SCK=1;
  19   2        }
  20   1        CS=1;
  21   1        SCK=0;
  22   1      }
  23          
  24          
  25          void main(void)
  26          {
  27   1        unsigned char i;
  28   1        while(1)
  29   1        {
  30   2          for(i=0;i<100;i++)
  31   2          {
  32   3            DA_OUTPUT(i);
  33   3          }
  34   2          for(i=100;i>0;i++)
  35   2          {
  36   3            DA_OUTPUT(i);
  37   3          }
  38   2        }
  39   1      }
  40          


MODULE INFORMATION:   STATIC OVERLAYABLE
   CODE SIZE        =     70    ----
   CONSTANT SIZE    =   ----    ----
   XDATA SIZE       =   ----    ----
   PDATA SIZE       =   ----    ----
   DATA SIZE        =   ----    ----
   IDATA SIZE       =   ----    ----
   BIT SIZE         =   ----    ----
END OF MODULE INFORMATION.


C51 COMPILATION COMPLETE.  0 WARNING(S),  0 ERROR(S)
