C51 COMPILER V9.60.7.0   MAIN                                                              04/26/2023 10:47:52 PAGE 1   


C51 COMPILER V9.60.7.0, COMPILATION OF MODULE MAIN
OBJECT MODULE PLACED IN .\Objects\main.obj
COMPILER INVOKED BY: d:\Keil_v5\C51\BIN\C51.EXE main.c OPTIMIZE(8,SPEED) BROWSE DEBUG OBJECTEXTEND PRINT(.\Listings\main
                    -.lst) TABS(2) OBJECT(.\Objects\main.obj)

line level    source

   1          #include <reg51.h>
   2          
   3          unsigned char seg[]={0x3F, 0x06, 0x5B,0x4F,0x66,0x6D,0x7D,0x07,0x7F,0x6F,0x77,0x7C,0x39,0x5E,0x79,0x71};
   4                                //定义数码管显示数组
   5          
   6          
   7          unsigned char key_number;         //定义键值变量
   8          
   9          void delay_ms(unsigned int t)       //定义延时函数
  10          {
  11   1        unsigned char i;
  12   1        while(t--)
  13   1        {
  14   2          for(i=0;i<110;i++);
  15   2        }
  16   1      }
  17          
  18          void key_scan()               //定义按键扫描函数
  19          {
  20   1        unsigned char hang,line;        //定义行列变量
  21   1        unsigned char where;          //定义中间变量
  22   1        P1=0x0f;                //行扫描
  23   1        if(P1!=0x0f)
  24   1        {
  25   2          delay_ms(10);
  26   2          where=P1&0x0f;
  27   2          switch(where)
  28   2          {
  29   3            case 0x0e:hang=0;break;
  30   3            case 0x0d:hang=1;break;
  31   3            case 0x0b:hang=2;break;
  32   3            case 0x07:hang=3;break;
  33   3          }
  34   2          P1=0xf0;              //列扫描
  35   2          where=P1&0xf0;
  36   2          switch(where)
  37   2          {
  38   3            case 0xe0:line=0;break;
  39   3            case 0xd0:line=1;break;
  40   3            case 0xb0:line=2;break;
  41   3            case 0x70:line=3;break;
  42   3          }
  43   2          key_number=hang*4+line;       //将扫描到的行列值转化为键值
  44   2        }
  45   1        
  46   1      }
  47          
  48          void main()
  49          {
  50   1        while(1)
  51   1        {
  52   2          key_scan();             //按键扫描
  53   2          P2=seg[key_number];         //将键值输出到数码管上
  54   2        }
C51 COMPILER V9.60.7.0   MAIN                                                              04/26/2023 10:47:52 PAGE 2   

  55   1      }


MODULE INFORMATION:   STATIC OVERLAYABLE
   CODE SIZE        =    140    ----
   CONSTANT SIZE    =   ----    ----
   XDATA SIZE       =   ----    ----
   PDATA SIZE       =   ----    ----
   DATA SIZE        =     17       2
   IDATA SIZE       =   ----    ----
   BIT SIZE         =   ----    ----
END OF MODULE INFORMATION.


C51 COMPILATION COMPLETE.  0 WARNING(S),  0 ERROR(S)
