C51 COMPILER V9.60.7.0   MAIN                                                              04/15/2023 23:09:12 PAGE 1   


C51 COMPILER V9.60.7.0, COMPILATION OF MODULE MAIN
OBJECT MODULE PLACED IN .\Objects\main.obj
COMPILER INVOKED BY: d:\Keil_v5\C51\BIN\C51.EXE main.c OPTIMIZE(8,SPEED) BROWSE DEBUG OBJECTEXTEND PRINT(.\Listings\main
                    -.lst) TABS(2) OBJECT(.\Objects\main.obj)

line level    source

   1          #include <reg51.h>
   2          
   3          sbit seg1=P3^0;
   4          sbit seg2=P3^1;
   5          
   6          unsigned char seg[]={0x3F, 0x06, 0x5B,0x4F,0x66,0x6D,0x7D,0x07,0x7F,0x6F,0x77,0x7C,0x39,0x5E,0x79,0x71};
   7          
   8          int con=0;
   9          
  10          void delay_ms(unsigned char t)
  11          {
  12   1        unsigned char i;
  13   1        while(t--)
  14   1        {
  15   2          for(i=0;i<110;i++);
  16   2        }
  17   1      }
  18          
  19          void timer_init()
  20          {
  21   1        TMOD=0x06;
  22   1        TL0=236;
  23   1        TH0=236;
  24   1        TR0=1;
  25   1        ET0=1;
  26   1        EA=1;
  27   1      }
  28          
  29          void seg_show(unsigned char n)
  30          {
  31   1        P2=0;
  32   1        seg1=0;seg2=1;
  33   1        P2=seg[n/10%10];
  34   1        delay_ms(30);
  35   1        P2=0;
  36   1        seg1=1;seg2=0;
  37   1        P2=seg[n%10];
  38   1        delay_ms(30);
  39   1      }
  40          
  41          void main()
  42          {
  43   1        timer_init();
  44   1        while(1)
  45   1        {
  46   2          con=TL0+(TH0>>8)-236;
  47   2          seg_show(con);
  48   2        }
  49   1      }
  50          
  51          void out() interrupt 1
  52          {
  53   1        con=0;
  54   1      }
C51 COMPILER V9.60.7.0   MAIN                                                              04/15/2023 23:09:12 PAGE 2   



MODULE INFORMATION:   STATIC OVERLAYABLE
   CODE SIZE        =    126    ----
   CONSTANT SIZE    =   ----    ----
   XDATA SIZE       =   ----    ----
   PDATA SIZE       =   ----    ----
   DATA SIZE        =     18    ----
   IDATA SIZE       =   ----    ----
   BIT SIZE         =   ----    ----
END OF MODULE INFORMATION.


C51 COMPILATION COMPLETE.  0 WARNING(S),  0 ERROR(S)
