C51 COMPILER V9.60.7.0   MAIN                                                              04/13/2023 12:54:05 PAGE 1   


C51 COMPILER V9.60.7.0, COMPILATION OF MODULE MAIN
OBJECT MODULE PLACED IN .\Objects\main.obj
COMPILER INVOKED BY: d:\Keil_v5\C51\BIN\C51.EXE main.c OPTIMIZE(8,SPEED) BROWSE DEBUG OBJECTEXTEND PRINT(.\Listings\main
                    -.lst) TABS(2) OBJECT(.\Objects\main.obj)

line level    source

   1          #include <reg52.h>
   2          
   3          void UartInit(void)
   4          {
   5   1        PCON |= 0x80;   //使能波特率倍速位SMOD
   6   1        SCON = 0x50;    //8位数据,可变波特率
   7   1        TMOD &= 0x0F;   //设置定时器模式
   8   1        TMOD |= 0x20;   //设置定时器模式
   9   1        TL1 = 0xFD;     //设置定时初始值
  10   1        TH1 = 0xFD;     //设置定时重载值
  11   1        ET1 = 0;      //禁止定时器中断
  12   1        TR1 = 1;      //定时器1开始计时
  13   1      
  14   1        ES=1;
  15   1        EA=1;
  16   1      }
  17          
  18          void main()
  19          {
  20   1        UartInit();
  21   1      //  SBUF=0x61;
  22   1      //  while(!TI);
  23   1        while(1)
  24   1        {
  25   2          
  26   2        }
  27   1      }
  28          
  29          void Uart_out() interrupt 4
  30          {
  31   1        unsigned int rec;
  32   1        if(1)
  33   1        {
  34   2          
  35   2          rec=SBUF;
  36   2          RI=0;
  37   2          SBUF=rec-32;
  38   2          while(!TI);
  39   2          TI=0;
  40   2        }
  41   1      }


MODULE INFORMATION:   STATIC OVERLAYABLE
   CODE SIZE        =     62    ----
   CONSTANT SIZE    =   ----    ----
   XDATA SIZE       =   ----    ----
   PDATA SIZE       =   ----    ----
   DATA SIZE        =   ----    ----
   IDATA SIZE       =   ----    ----
   BIT SIZE         =   ----    ----
END OF MODULE INFORMATION.


C51 COMPILATION COMPLETE.  0 WARNING(S),  0 ERROR(S)
